<?xml version="1.0" encoding="UTF-8"?>
<!-- Generated by org.testng.reporters.JUnitXMLReporter -->
<testsuite hostname="LPF1K68SH" ignored="1" name="test01_Ipro_Epro_OES_2" tests="2" failures="1" timestamp="2019-10-28T17:52:56 PDT" time="216.479" errors="0">
  <testcase name="test01_Ipro_Epro_OES_2" time="98.828" classname="com.selenium.web.test.ipro.Ipro">
    <skipped/>
  </testcase> <!-- test01_Ipro_Epro_OES_2 -->
  <testcase name="test01_Ipro_Epro_OES_2" time="96.883" classname="com.selenium.web.test.ipro.Ipro">
    <failure type="java.lang.Exception" message="Issue : Element By.id: submitButton still displayed. It must get disappear after click !!!">
      <![CDATA[java.lang.Exception: Issue : Element By.id: submitButton still displayed. It must get disappear after click !!!
at com.selenium.util.actiondriver.WebActionDriver.clickAndWaitForElementToDisappear(WebActionDriver.java:748)
at com.selenium.web.page.ipro.CreateProposal.chooseProductTypeAndClickShowPlans(CreateProposal.java:42)
at com.selenium.web.test.ipro.Ipro.test01_Ipro_Epro_OES_2(Ipro.java:100)
at sun.reflect.NativeMethodAccessorImpl.invoke0(Native Method)
at sun.reflect.NativeMethodAccessorImpl.invoke(Unknown Source)
at sun.reflect.DelegatingMethodAccessorImpl.invoke(Unknown Source)
at java.lang.reflect.Method.invoke(Unknown Source)
at org.testng.internal.MethodInvocationHelper.invokeMethod(MethodInvocationHelper.java:133)
at org.testng.internal.TestInvoker.invokeMethod(TestInvoker.java:584)
at org.testng.internal.TestInvoker.retryFailed(TestInvoker.java:204)
at org.testng.internal.MethodRunner.runInSequence(MethodRunner.java:58)
at org.testng.internal.TestInvoker$MethodInvocationAgent.invoke(TestInvoker.java:804)
at org.testng.internal.TestInvoker.invokeTestMethods(TestInvoker.java:145)
at org.testng.internal.TestMethodWorker.invokeTestMethods(TestMethodWorker.java:146)
at org.testng.internal.TestMethodWorker.run(TestMethodWorker.java:128)
at java.util.ArrayList.forEach(Unknown Source)
at org.testng.TestRunner.privateRun(TestRunner.java:770)
at org.testng.TestRunner.run(TestRunner.java:591)
at org.testng.SuiteRunner.runTest(SuiteRunner.java:402)
at org.testng.SuiteRunner.access$000(SuiteRunner.java:41)
at org.testng.SuiteRunner$SuiteWorker.run(SuiteRunner.java:443)
at org.testng.internal.thread.ThreadUtil.lambda$execute$0(ThreadUtil.java:67)
at java.util.concurrent.FutureTask.run(Unknown Source)
at java.util.concurrent.ThreadPoolExecutor.runWorker(Unknown Source)
at java.util.concurrent.ThreadPoolExecutor$Worker.run(Unknown Source)
at java.lang.Thread.run(Unknown Source)
]]>
    </failure>
  </testcase> <!-- test01_Ipro_Epro_OES_2 -->
  <testcase name="test01_Ipro_Epro_OES_1" time="0.0" classname="com.selenium.web.test.ipro.Ipro">
    <ignored/>
  </testcase> <!-- test01_Ipro_Epro_OES_1 -->
</testsuite> <!-- test01_Ipro_Epro_OES_2 -->
